{
  "RSpec": {
    "coverage": {
      "/home/mostafa/workspace/ruby/weather_map/app/controllers/enquiries_controller.rb": [
        1,
        1,
        null,
        null,
        null,
        1,
        5,
        5,
        null,
        null,
        null,
        1,
        8,
        null,
        null,
        null,
        null,
        1,
        8,
        8,
        8,
        6,
        6,
        5,
        null,
        1,
        null,
        null,
        12,
        6,
        null,
        4,
        2,
        null,
        null,
        null,
        null,
        null,
        null,
        1,
        null,
        null,
        null,
        1,
        5,
        null,
        null,
        null,
        1,
        8,
        null,
        null
      ],
      "/home/mostafa/workspace/ruby/weather_map/app/controllers/application_controller.rb": [
        1,
        1,
        null
      ],
      "/home/mostafa/workspace/ruby/weather_map/app/models/enquiry.rb": [
        1,
        null,
        1,
        null,
        1,
        20,
        20,
        20,
        null,
        null,
        null,
        7,
        null,
        1,
        1,
        null,
        null,
        1,
        17,
        null,
        null,
        1,
        5,
        null,
        null
      ],
      "/home/mostafa/workspace/ruby/weather_map/app/models/application_record.rb": [
        1,
        1,
        null
      ],
      "/home/mostafa/workspace/ruby/weather_map/vendor/engines/weather_api/app/models/weather_api/weather_enquiry.rb": [
        1,
        null,
        1,
        null,
        null,
        null,
        null,
        1,
        10,
        null,
        null,
        1,
        5,
        null,
        null,
        1,
        3,
        null,
        null,
        1,
        15,
        null,
        null,
        1,
        3,
        null,
        null,
        1,
        3,
        null,
        null,
        1,
        1,
        null,
        null,
        1,
        6,
        6,
        5,
        5,
        5,
        5,
        5,
        null,
        null,
        null
      ]
    },
    "timestamp": 1508422853
  }
}
